\BOOKMARK [0][-]{chapter.1}{\376\377\000U\000s\000a\000g\000e}{}% 1
\BOOKMARK [1][-]{section.1.1}{\376\377\000I\000n\000s\000t\000a\000l\000l\000a\000t\000i\000o\000n}{chapter.1}% 2
\BOOKMARK [2][-]{subsection.1.1.1}{\376\377\000O\000p\000t\000i\000o\000n\000a\000l}{section.1.1}% 3
\BOOKMARK [3][-]{subsubsection*.3}{\376\377\000M\000u\000t\000a\000t\000i\000o\000n\000+\000+}{subsection.1.1.1}% 4
\BOOKMARK [3][-]{subsubsection*.4}{\376\377\000A\000M\000G\000i\000o}{subsection.1.1.1}% 5
\BOOKMARK [2][-]{subsection.1.1.2}{\376\377\000G\000R\000A\000M\000\040\000m\000o\000d\000e\000l}{section.1.1}% 6
\BOOKMARK [2][-]{subsection.1.1.3}{\376\377\000T\000r\000o\000u\000b\000l\000e\000s\000h\000o\000o\000t\000i\000n\000g}{section.1.1}% 7
\BOOKMARK [1][-]{section.1.2}{\376\377\000S\000e\000t\000t\000i\000n\000g\000\040\000u\000p\000\040\000t\000h\000e\000\040\000C\000o\000n\000f\000i\000g\000u\000r\000a\000t\000i\000o\000n\000\040\000f\000i\000l\000e}{chapter.1}% 8
\BOOKMARK [2][-]{subsection.1.2.1}{\376\377\000O\000p\000t\000i\000o\000n\000s}{section.1.2}% 9
\BOOKMARK [2][-]{subsection.1.2.2}{\376\377\000T\000r\000a\000j\000e\000c\000t\000o\000r\000y}{section.1.2}% 10
\BOOKMARK [2][-]{subsection.1.2.3}{\376\377\000M\000o\000d\000e\000l}{section.1.2}% 11
\BOOKMARK [2][-]{subsection.1.2.4}{\376\377\000V\000e\000h\000i\000c\000l\000e}{section.1.2}% 12
\BOOKMARK [2][-]{subsection.1.2.5}{\376\377\000F\000r\000e\000e\000s\000t\000r\000e\000a\000m}{section.1.2}% 13
\BOOKMARK [2][-]{subsection.1.2.6}{\376\377\000G\000R\000A\000M}{section.1.2}% 14
\BOOKMARK [2][-]{subsection.1.2.7}{\376\377\000T\000i\000m\000e}{section.1.2}% 15
\BOOKMARK [2][-]{subsection.1.2.8}{\376\377\000S\000U\0002}{section.1.2}% 16
\BOOKMARK [2][-]{subsection.1.2.9}{\376\377\000B\000l\000o\000o\000m}{section.1.2}% 17
\BOOKMARK [2][-]{subsection.1.2.10}{\376\377\000A\000M\000G}{section.1.2}% 18
\BOOKMARK [2][-]{subsection.1.2.11}{\376\377\000A\000s\000s\000e\000m\000b\000l\000y}{section.1.2}% 19
\BOOKMARK [2][-]{subsection.1.2.12}{\376\377\000O\000b\000j\000e\000c\000t\000s}{section.1.2}% 20
\BOOKMARK [1][-]{section.1.3}{\376\377\000R\000u\000n\000n\000i\000n\000g\000\040\000a\000\040\000s\000i\000m\000u\000l\000a\000t\000i\000o\000n}{chapter.1}% 21
\BOOKMARK [1][-]{section.1.4}{\376\377\000G\000e\000o\000m\000e\000t\000r\000y\000\040\000m\000o\000d\000e\000l\000l\000i\000n\000g}{chapter.1}% 22
\BOOKMARK [0][-]{chapter.2}{\376\377\000M\000o\000d\000u\000l\000e\000s}{}% 23
\BOOKMARK [1][-]{section.2.1}{\376\377\000T\000I\000T\000A\000N}{chapter.2}% 24
\BOOKMARK [1][-]{section.2.2}{\376\377\000C\000o\000n\000f\000i\000g\000u\000r\000a\000t\000i\000o\000n}{chapter.2}% 25
\BOOKMARK [1][-]{section.2.3}{\376\377\000A\000e\000r\000o\000t\000h\000e\000r\000m\000o}{chapter.2}% 26
\BOOKMARK [1][-]{section.2.4}{\376\377\000D\000y\000n\000a\000m\000i\000c\000s}{chapter.2}% 27
\BOOKMARK [1][-]{section.2.5}{\376\377\000F\000o\000r\000c\000e\000s}{chapter.2}% 28
\BOOKMARK [1][-]{section.2.6}{\376\377\000F\000r\000a\000g\000m\000e\000n\000t\000a\000t\000i\000o\000n}{chapter.2}% 29
\BOOKMARK [1][-]{section.2.7}{\376\377\000F\000r\000e\000e\000s\000t\000r\000e\000a\000m}{chapter.2}% 30
\BOOKMARK [1][-]{section.2.8}{\376\377\000G\000e\000o\000m\000e\000t\000r\000y}{chapter.2}% 31
\BOOKMARK [2][-]{subsection.2.8.1}{\376\377\000A\000s\000s\000e\000m\000b\000l\000y}{section.2.8}% 32
\BOOKMARK [2][-]{subsection.2.8.2}{\376\377\000C\000o\000m\000p\000o\000n\000e\000n\000t}{section.2.8}% 33
\BOOKMARK [1][-]{section.2.9}{\376\377\000M\000a\000t\000e\000r\000i\000a\000l}{chapter.2}% 34
\BOOKMARK [1][-]{section.2.10}{\376\377\000S\000U\0002}{chapter.2}% 35
\BOOKMARK [1][-]{section.2.11}{\376\377\000M\000u\000l\000t\000i\000-\000f\000i\000d\000e\000l\000i\000t\000y\000\040\000s\000w\000i\000t\000c\000h}{chapter.2}% 36
\BOOKMARK [0][-]{chapter.3}{\376\377\000E\000x\000a\000m\000p\000l\000e}{}% 37
\BOOKMARK [0][-]{section*.286}{\376\377\000I\000n\000d\000e\000x}{}% 38
